<?xml version="1.0" encoding="utf-8"?><testsuites name="pytest tests"><testsuite name="pytest" errors="0" failures="0" skipped="0" tests="35" time="10.104" timestamp="2026-04-28T00:28:45.758327+00:00" hostname="agent-env-4873f24d-5971-454e-8bd5-6d5af8947792"><testcase classname="backend.tests.backend_test" name="test_health" time="0.174" /><testcase classname="backend.tests.backend_test" name="test_login_invalid" time="0.340" /><testcase classname="backend.tests.backend_test" name="test_login_demo_works" time="0.332" /><testcase classname="backend.tests.backend_test" name="test_register_and_me" time="0.473" /><testcase classname="backend.tests.backend_test" name="test_me_unauth" time="0.117" /><testcase classname="backend.tests.backend_test" name="test_dashboard_new_fields" time="0.107" /><testcase classname="backend.tests.backend_test" name="test_profile_get" time="0.114" /><testcase classname="backend.tests.backend_test" name="test_list_endpoints[tasks]" time="0.109" /><testcase classname="backend.tests.backend_test" name="test_list_endpoints[revisoes]" time="0.115" /><testcase classname="backend.tests.backend_test" name="test_list_endpoints[schedule]" time="0.107" /><testcase classname="backend.tests.backend_test" name="test_list_endpoints[questoes]" time="0.114" /><testcase classname="backend.tests.backend_test" name="test_list_endpoints[redacoes]" time="0.142" /><testcase classname="backend.tests.backend_test" name="test_list_endpoints[simulados]" time="0.114" /><testcase classname="backend.tests.backend_test" name="test_list_endpoints[vestibulares]" time="0.116" /><testcase classname="backend.tests.backend_test" name="test_list_endpoints[calendario]" time="0.108" /><testcase classname="backend.tests.backend_test" name="test_list_endpoints[notas]" time="0.115" /><testcase classname="backend.tests.backend_test" name="test_list_endpoints[decks]" time="0.161" /><testcase classname="backend.tests.backend_test" name="test_list_endpoints[conjuntos]" time="0.106" /><testcase classname="backend.tests.backend_test" name="test_list_endpoints[flashcards]" time="0.142" /><testcase classname="backend.tests.backend_test" name="test_questoes_compute" time="0.267" /><testcase classname="backend.tests.backend_test" name="test_redacao_enem_sum" time="0.270" /><testcase classname="backend.tests.backend_test" name="test_redacao_outro_nota_livre" time="0.223" /><testcase classname="backend.tests.backend_test" name="test_simulado_compute" time="0.234" /><testcase classname="backend.tests.backend_test" name="test_vestibular_data_prova_in_dashboard" time="0.401" /><testcase classname="backend.tests.backend_test" name="test_calendario_crud" time="0.341" /><testcase classname="backend.tests.backend_test" name="test_notas_crud" time="0.341" /><testcase classname="backend.tests.backend_test" name="test_conjuntos_auto_template" time="0.378" /><testcase classname="backend.tests.backend_test" name="test_decks_stats" time="0.393" /><testcase classname="backend.tests.backend_test" name="test_flashcard_crud_and_due" time="0.620" /><testcase classname="backend.tests.backend_test" name="test_flashcard_review_errei" time="0.573" /><testcase classname="backend.tests.backend_test" name="test_flashcard_review_bom_new" time="0.598" /><testcase classname="backend.tests.backend_test" name="test_flashcard_review_facil_new" time="0.604" /><testcase classname="backend.tests.backend_test" name="test_flashcard_suspend_toggle" time="0.714" /><testcase classname="backend.tests.backend_test" name="test_flashcard_import" time="0.694" /><testcase classname="backend.tests.backend_test" name="test_flashcards_stats" time="0.130" /></testsuite></testsuites>