<?xml version="1.0" encoding="utf-8"?><testsuites name="pytest tests"><testsuite name="pytest" errors="0" failures="0" skipped="0" tests="20" time="4.892" timestamp="2026-04-27T21:56:08.739854+00:00" hostname="agent-env-4873f24d-5971-454e-8bd5-6d5af8947792"><testcase classname="backend.tests.backend_test" name="test_health" time="0.199" /><testcase classname="backend.tests.backend_test" name="test_login_invalid" time="0.365" /><testcase classname="backend.tests.backend_test" name="test_register_and_me" time="0.538" /><testcase classname="backend.tests.backend_test" name="test_me_unauth" time="0.147" /><testcase classname="backend.tests.backend_test" name="test_dashboard" time="0.546" /><testcase classname="backend.tests.backend_test" name="test_profile" time="0.301" /><testcase classname="backend.tests.backend_test" name="test_list_endpoints[tasks]" time="0.107" /><testcase classname="backend.tests.backend_test" name="test_list_endpoints[revisoes]" time="0.140" /><testcase classname="backend.tests.backend_test" name="test_list_endpoints[schedule]" time="0.154" /><testcase classname="backend.tests.backend_test" name="test_list_endpoints[questoes]" time="0.117" /><testcase classname="backend.tests.backend_test" name="test_list_endpoints[redacoes]" time="0.112" /><testcase classname="backend.tests.backend_test" name="test_list_endpoints[simulados]" time="0.107" /><testcase classname="backend.tests.backend_test" name="test_list_endpoints[vestibulares]" time="0.112" /><testcase classname="backend.tests.backend_test" name="test_tasks_crud" time="0.361" /><testcase classname="backend.tests.backend_test" name="test_revisoes_crud" time="0.276" /><testcase classname="backend.tests.backend_test" name="test_schedule_crud" time="0.251" /><testcase classname="backend.tests.backend_test" name="test_questoes2_compute" time="0.228" /><testcase classname="backend.tests.backend_test" name="test_redacoes2_compute" time="0.227" /><testcase classname="backend.tests.backend_test" name="test_simulados2_compute" time="0.237" /><testcase classname="backend.tests.backend_test" name="test_vestibulares_crud" time="0.226" /></testsuite></testsuites>